Running: C:\Xilinx\14.7\ISE_DS\ISE\bin\nt\unwrapped\fuse.exe -intstyle ise -incremental -lib unisims_ver -lib unimacro_ver -lib xilinxcorelib_ver -lib secureip -o C:/Users/mumuy/Desktop/ISE/CPU/tb_isim_beh.exe -prj C:/Users/mumuy/Desktop/ISE/CPU/tb_beh.prj work.tb work.glbl 
ISim P.20131013 (signature 0x8ef4fb42)
Number of CPUs detected in this system: 4
Turning on mult-threading, number of parallel sub-compilation jobs: 8 
Determining compilation order of HDL files
Analyzing Verilog file "C:/Users/mumuy/Desktop/ISE/CPU/IFU.v" into library work
Analyzing Verilog file "C:/Users/mumuy/Desktop/ISE/CPU/GRF.v" into library work
Analyzing Verilog file "C:/Users/mumuy/Desktop/ISE/CPU/EXT.v" into library work
Analyzing Verilog file "C:/Users/mumuy/Desktop/ISE/CPU/DM.v" into library work
Analyzing Verilog file "C:/Users/mumuy/Desktop/ISE/CPU/CTL.v" into library work
Analyzing Verilog file "C:/Users/mumuy/Desktop/ISE/CPU/ALU.v" into library work
Analyzing Verilog file "C:/Users/mumuy/Desktop/ISE/CPU/mips.v" into library work
Analyzing Verilog file "C:/Users/mumuy/Desktop/ISE/CPU/tb.v" into library work
Analyzing Verilog file "C:/Xilinx/14.7/ISE_DS/ISE//verilog/src/glbl.v" into library work
Starting static elaboration
WARNING:HDLCompiler:189 - "C:/Users/mumuy/Desktop/ISE/CPU/mips.v" Line 82: Size mismatch in connection of port <A3>. Formal port size is 5-bit while actual signal size is 32-bit.
Completed static elaboration
Fuse Memory Usage: 180080 KB
Fuse CPU Usage: 327 ms
Compiling module IFU
Compiling module Controller
Compiling module GRF
Compiling module EXT
Compiling module ALU
Compiling module DM
Compiling module mips
Compiling module tb
Compiling module glbl
Time Resolution for simulation is 1ps.
Waiting for 2 sub-compilation(s) to finish...
Compiled 9 Verilog Units
Built simulation executable C:/Users/mumuy/Desktop/ISE/CPU/tb_isim_beh.exe
Fuse Memory Usage: 186580 KB
Fuse CPU Usage: 406 ms
