ISim log file
Running: C:\Users\mumuy\Desktop\ISE\CPU\tb_isim_beh.exe -intstyle ise -gui -tclbatch isim.cmd -wdb C:/Users/mumuy/Desktop/ISE/CPU/tb_isim_beh.wdb 
ISim P.20131013 (signature 0x8ef4fb42)
WARNING: A WEBPACK license was found.
WARNING: Please use Xilinx License Configuration Manager to check out a full ISim license.
WARNING: ISim will run in Lite mode. Please refer to the ISim documentation for more information on the differences between the Lite and the Full version.
This is a Lite version of ISim.
WARNING:  For instance uut/grf/, width 5 of formal port A3 is not equal to width 32 of actual constant.
Time resolution is 1 ps
# onerror resume
# wave add /
# run 1000 ns
Simulator is doing circuit initialization process.
Finished circuit initialization process.
@00003000: $16 <= 0000000a
@00003004: $23 <= 0000000a
@0000300c: $17 <= 00000000
@00003010: $ 1 <= 00000000
@00003014: $ 1 <= 00000004
@00003018: $ 9 <= 00000004
@0000301c: $18 <= 00000000
@00003020: $19 <= 0000000a
@00003024: $18 <= 0000000a
@00003028: *00000004 <= 0000000a
@0000302c: $ 1 <= 00000000
@00003030: $ 1 <= 00000001
@00003034: $ 8 <= 00000001
@00003038: $31 <= 0000303c
@0000300c: $17 <= 0000000a
@00003010: $ 1 <= 00000000
@00003014: $ 1 <= 00000004
@00003018: $ 9 <= 00000008
@0000301c: $18 <= 00000000
@00003020: $19 <= 00000014
@00003024: $18 <= 00000014
@00003028: *00000008 <= 00000014
@0000302c: $ 1 <= 00000000
@00003030: $ 1 <= 00000001
@00003034: $ 8 <= 00000002
@00003038: $31 <= 0000303c
@0000300c: $17 <= 00000014
@00003010: $ 1 <= 00000000
@00003014: $ 1 <= 00000004
@00003018: $ 9 <= 0000000c
@0000301c: $18 <= 00000000
@00003020: $19 <= 0000001e
@00003024: $18 <= 0000001e
@00003028: *0000000c <= 0000001e
@0000302c: $ 1 <= 00000000
@00003030: $ 1 <= 00000001
@00003034: $ 8 <= 00000003
@00003038: $31 <= 0000303c
@0000300c: $17 <= 0000001e
@00003010: $ 1 <= 00000000
@00003014: $ 1 <= 00000004
@00003018: $ 9 <= 00000010
@0000301c: $18 <= 00000000
@00003020: $19 <= 00000028
@00003024: $18 <= 00000028
@00003028: *00000010 <= 00000028
@0000302c: $ 1 <= 00000000
@00003030: $ 1 <= 00000001
@00003034: $ 8 <= 00000004
@00003038: $31 <= 0000303c
@0000300c: $17 <= 00000028
@00003010: $ 1 <= 00000000
@00003014: $ 1 <= 00000004
@00003018: $ 9 <= 00000014
@0000301c: $18 <= 00000000
@00003020: $19 <= 00000032
@00003024: $18 <= 00000032
@00003028: *00000014 <= 00000032
@0000302c: $ 1 <= 00000000
@00003030: $ 1 <= 00000001
@00003034: $ 8 <= 00000005
@00003038: $31 <= 0000303c
@0000300c: $17 <= 00000032
@00003010: $ 1 <= 00000000
@00003014: $ 1 <= 00000004
@00003018: $ 9 <= 00000018
@0000301c: $18 <= 00000000
@00003020: $19 <= 0000003c
@00003024: $18 <= 0000003c
@00003028: *00000018 <= 0000003c
@0000302c: $ 1 <= 00000000
@00003030: $ 1 <= 00000001
@00003034: $ 8 <= 00000006
@00003038: $31 <= 0000303c
@0000300c: $17 <= 0000003c
@00003010: $ 1 <= 00000000
@00003014: $ 1 <= 00000004
@00003018: $ 9 <= 0000001c
@0000301c: $18 <= 00000000
@00003020: $19 <= 00000046
@00003024: $18 <= 00000046
@00003028: *0000001c <= 00000046
@0000302c: $ 1 <= 00000000
@00003030: $ 1 <= 00000001
@00003034: $ 8 <= 00000007
@00003038: $31 <= 0000303c
@0000300c: $17 <= 00000046
@00003010: $ 1 <= 00000000
@00003014: $ 1 <= 00000004
@00003018: $ 9 <= 00000020
@0000301c: $18 <= 00000000
@00003020: $19 <= 00000050
